<?xml version="1.0" encoding="UTF-8"?>
<!-- Generated by org.testng.reporters.JUnitReportReporter -->
<testsuite hostname="DESKTOP-TVLNRVV" failures="0" tests="1" name="Complete.Flow.Simple" time="0.015" errors="0" timestamp="2024-08-06T14:19:03 IST" skipped="0">
  <testcase classname="Complete.Flow.Simple" name="simp" time="0.015"/>
  <system-out/>
</testsuite> <!-- Complete.Flow.Simple -->
