<?xml version="1.0" encoding="UTF-8"?>
<!-- Generated by org.testng.reporters.JUnitReportReporter -->
<testsuite hostname="DESKTOP-TVLNRVV" failures="0" tests="1" name="runner.TestRunner" time="6.253" errors="0" timestamp="2024-08-06T18:23:18 IST" skipped="0">
  <testcase classname="runner.TestRunner" name="runScenario" time="6.253"/>
  <system-out/>
</testsuite> <!-- runner.TestRunner -->
