<?xml version="1.0" encoding="UTF-8"?>
<!-- Generated by org.testng.reporters.JUnitReportReporter -->
<testsuite hostname="DESKTOP-TVLNRVV" failures="0" tests="1" name="Complete.Flow.Simple" time="6.766" errors="0" timestamp="2024-08-06T18:17:24 IST" skipped="0">
  <testcase classname="Complete.Flow.Simple" name="checkurl" time="6.766"/>
  <system-out/>
</testsuite> <!-- Complete.Flow.Simple -->
