<?xml version="1.0" encoding="UTF-8"?>
<!-- Generated by org.testng.reporters.JUnitReportReporter -->
<testsuite hostname="DESKTOP-TVLNRVV" failures="0" tests="1" name="Complete.Flow.Simple" time="15.191" errors="0" timestamp="2024-08-06T15:57:55 IST" skipped="0">
  <testcase classname="Complete.Flow.Simple" name="checkurl" time="15.191"/>
  <system-out/>
</testsuite> <!-- Complete.Flow.Simple -->
