<?xml version="1.0" encoding="UTF-8"?>
<!-- Generated by org.testng.reporters.JUnitReportReporter -->
<testsuite hostname="DESKTOP-TVLNRVV" failures="0" tests="1" name="Complete.Flow.Simple" time="0.010" errors="0" timestamp="2024-08-06T14:28:24 IST" skipped="0">
  <testcase classname="Complete.Flow.Simple" name="simp" time="0.010"/>
</testsuite> <!-- Complete.Flow.Simple -->
