<?xml version="1.0" encoding="UTF-8"?>
<!-- Generated by org.testng.reporters.JUnitReportReporter -->
<testsuite hostname="DESKTOP-TVLNRVV" failures="0" tests="1" name="Complete.Flow.Simple" time="3.544" errors="0" timestamp="2024-08-06T16:00:21 IST" skipped="0">
  <testcase classname="Complete.Flow.Simple" name="checkurl" time="3.544"/>
</testsuite> <!-- Complete.Flow.Simple -->
